<?xml version="1.0" encoding="UTF-8"?>
<!-- Generated by org.testng.reporters.JUnitXMLReporter -->
<testsuite hostname="CVIDUDALPF0TUCXG" failures="0" tests="8" name="Default test" time="0.063" errors="0" timestamp="29 Sep 2019 07:22:33 GMT">
  <testcase classname="com.medtronics.tests.scenarios.LoginScenario" name="@BeforeClass beforeSuite" time="0.0">
    <failure type="org.testng.TestNGException" message="
Parameter &amp;apos;browser&amp;apos; is required by @Configuration on method beforeSuite but has not been marked @Optional or defined
in C:\Users\cvidudal\AppData\Local\Temp\testng-eclipse-1888856529\testng-customsuite.xml">
      <![CDATA[org.testng.TestNGException: 
Parameter 'browser' is required by @Configuration on method beforeSuite but has not been marked @Optional or defined
in C:\Users\cvidudal\AppData\Local\Temp\testng-eclipse-1888856529\testng-customsuite.xml
	at org.testng.internal.Parameters.createParameters(Parameters.java:155)
	at org.testng.internal.Parameters.createParameters(Parameters.java:355)
	at org.testng.internal.Parameters.createConfigurationParameters(Parameters.java:86)
	at org.testng.internal.Invoker.invokeConfigurations(Invoker.java:199)
	at org.testng.internal.Invoker.invokeConfigurations(Invoker.java:138)
	at org.testng.internal.TestMethodWorker.invokeBeforeClassMethods(TestMethodWorker.java:175)
	at org.testng.internal.TestMethodWorker.run(TestMethodWorker.java:107)
	at org.testng.TestRunner.privateRun(TestRunner.java:767)
	at org.testng.TestRunner.run(TestRunner.java:617)
	at org.testng.SuiteRunner.runTest(SuiteRunner.java:334)
	at org.testng.SuiteRunner.runSequentially(SuiteRunner.java:329)
	at org.testng.SuiteRunner.privateRun(SuiteRunner.java:291)
	at org.testng.SuiteRunner.run(SuiteRunner.java:240)
	at org.testng.SuiteRunnerWorker.runSuite(SuiteRunnerWorker.java:52)
	at org.testng.SuiteRunnerWorker.run(SuiteRunnerWorker.java:86)
	at org.testng.TestNG.runSuitesSequentially(TestNG.java:1198)
	at org.testng.TestNG.runSuitesLocally(TestNG.java:1123)
	at org.testng.TestNG.run(TestNG.java:1031)
	at org.testng.remote.AbstractRemoteTestNG.run(AbstractRemoteTestNG.java:115)
	at org.testng.remote.RemoteTestNG.initAndRun(RemoteTestNG.java:251)
	at org.testng.remote.RemoteTestNG.main(RemoteTestNG.java:77)
]]>
    </failure>
  </testcase> <!-- @BeforeClass beforeSuite -->
  <testcase classname="com.medtronics.tests.scenarios.LoginScenario" name="@BeforeMethod setUp" time="0.0">
    <skipped/>
  </testcase> <!-- @BeforeMethod setUp -->
  <testcase classname="com.medtronics.tests.scenarios.LoginScenario" name="@AfterMethod tearDown" time="0.0">
    <skipped/>
  </testcase> <!-- @AfterMethod tearDown -->
  <testcase classname="com.medtronics.tests.scenarios.LoginScenario" name="@BeforeMethod setUp" time="0.0">
    <skipped/>
  </testcase> <!-- @BeforeMethod setUp -->
  <testcase classname="com.medtronics.tests.scenarios.LoginScenario" name="@AfterMethod tearDown" time="0.0">
    <skipped/>
  </testcase> <!-- @AfterMethod tearDown -->
  <testcase classname="com.medtronics.tests.scenarios.LoginScenario" name="@BeforeMethod setUp" time="0.0">
    <skipped/>
  </testcase> <!-- @BeforeMethod setUp -->
  <testcase classname="com.medtronics.tests.scenarios.LoginScenario" name="@AfterMethod tearDown" time="0.0">
    <skipped/>
  </testcase> <!-- @AfterMethod tearDown -->
  <testcase classname="com.medtronics.tests.scenarios.LoginScenario" name="@BeforeMethod setUp" time="0.0">
    <skipped/>
  </testcase> <!-- @BeforeMethod setUp -->
  <testcase classname="com.medtronics.tests.scenarios.LoginScenario" name="@AfterMethod tearDown" time="0.0">
    <skipped/>
  </testcase> <!-- @AfterMethod tearDown -->
  <testcase classname="com.medtronics.tests.scenarios.LoginScenario" name="@BeforeMethod setUp" time="0.0">
    <skipped/>
  </testcase> <!-- @BeforeMethod setUp -->
  <testcase classname="com.medtronics.tests.scenarios.LoginScenario" name="@AfterMethod tearDown" time="0.0">
    <skipped/>
  </testcase> <!-- @AfterMethod tearDown -->
  <testcase classname="com.medtronics.tests.scenarios.LoginScenario" name="@AfterClass closeDriver" time="0.0">
    <skipped/>
  </testcase> <!-- @AfterClass closeDriver -->
  <testcase classname="com.medtronics.tests.scenarios.OrderScenario" name="@BeforeClass beforeClass" time="0.0">
    <failure type="org.testng.TestNGException" message="
Parameter &amp;apos;browser&amp;apos; is required by @Configuration on method beforeClass but has not been marked @Optional or defined
in C:\Users\cvidudal\AppData\Local\Temp\testng-eclipse-1888856529\testng-customsuite.xml">
      <![CDATA[org.testng.TestNGException: 
Parameter 'browser' is required by @Configuration on method beforeClass but has not been marked @Optional or defined
in C:\Users\cvidudal\AppData\Local\Temp\testng-eclipse-1888856529\testng-customsuite.xml
	at org.testng.internal.Parameters.createParameters(Parameters.java:155)
	at org.testng.internal.Parameters.createParameters(Parameters.java:355)
	at org.testng.internal.Parameters.createConfigurationParameters(Parameters.java:86)
	at org.testng.internal.Invoker.invokeConfigurations(Invoker.java:199)
	at org.testng.internal.Invoker.invokeConfigurations(Invoker.java:138)
	at org.testng.internal.TestMethodWorker.invokeBeforeClassMethods(TestMethodWorker.java:175)
	at org.testng.internal.TestMethodWorker.run(TestMethodWorker.java:107)
	at org.testng.TestRunner.privateRun(TestRunner.java:767)
	at org.testng.TestRunner.run(TestRunner.java:617)
	at org.testng.SuiteRunner.runTest(SuiteRunner.java:334)
	at org.testng.SuiteRunner.runSequentially(SuiteRunner.java:329)
	at org.testng.SuiteRunner.privateRun(SuiteRunner.java:291)
	at org.testng.SuiteRunner.run(SuiteRunner.java:240)
	at org.testng.SuiteRunnerWorker.runSuite(SuiteRunnerWorker.java:52)
	at org.testng.SuiteRunnerWorker.run(SuiteRunnerWorker.java:86)
	at org.testng.TestNG.runSuitesSequentially(TestNG.java:1198)
	at org.testng.TestNG.runSuitesLocally(TestNG.java:1123)
	at org.testng.TestNG.run(TestNG.java:1031)
	at org.testng.remote.AbstractRemoteTestNG.run(AbstractRemoteTestNG.java:115)
	at org.testng.remote.RemoteTestNG.initAndRun(RemoteTestNG.java:251)
	at org.testng.remote.RemoteTestNG.main(RemoteTestNG.java:77)
]]>
    </failure>
  </testcase> <!-- @BeforeClass beforeClass -->
  <testcase classname="com.medtronics.tests.scenarios.OrderScenario" name="@BeforeMethod setUp" time="0.0">
    <skipped/>
  </testcase> <!-- @BeforeMethod setUp -->
  <testcase classname="com.medtronics.tests.scenarios.OrderScenario" name="@AfterMethod teardown" time="0.0">
    <skipped/>
  </testcase> <!-- @AfterMethod teardown -->
  <testcase classname="com.medtronics.tests.scenarios.OrderScenario" name="@BeforeMethod setUp" time="0.0">
    <skipped/>
  </testcase> <!-- @BeforeMethod setUp -->
  <testcase classname="com.medtronics.tests.scenarios.OrderScenario" name="@AfterMethod teardown" time="0.0">
    <skipped/>
  </testcase> <!-- @AfterMethod teardown -->
  <testcase classname="com.medtronics.tests.scenarios.OrderScenario" name="@BeforeMethod setUp" time="0.0">
    <skipped/>
  </testcase> <!-- @BeforeMethod setUp -->
  <testcase classname="com.medtronics.tests.scenarios.OrderScenario" name="@AfterMethod teardown" time="0.0">
    <skipped/>
  </testcase> <!-- @AfterMethod teardown -->
  <testcase classname="com.medtronics.tests.scenarios.OrderScenario" name="@AfterClass afterClass" time="0.0">
    <skipped/>
  </testcase> <!-- @AfterClass afterClass -->
  <testcase classname="com.medtronics.tests.scenarios.LoginScenario" name="LoginWithInValidUsers" time="0.006">
    <skipped/>
  </testcase> <!-- LoginWithInValidUsers -->
  <testcase classname="com.medtronics.tests.scenarios.LoginScenario" name="LoginWithInValidUsers" time="0.001">
    <skipped/>
  </testcase> <!-- LoginWithInValidUsers -->
  <testcase classname="com.medtronics.tests.scenarios.LoginScenario" name="LoginWithValidUserInvalidPassword" time="0.001">
    <skipped/>
  </testcase> <!-- LoginWithValidUserInvalidPassword -->
  <testcase classname="com.medtronics.tests.scenarios.LoginScenario" name="LoginWithValidUserInvalidPassword" time="0.001">
    <skipped/>
  </testcase> <!-- LoginWithValidUserInvalidPassword -->
  <testcase classname="com.medtronics.tests.scenarios.LoginScenario" name="LoginWithValidUsers" time="0.001">
    <skipped/>
  </testcase> <!-- LoginWithValidUsers -->
  <testcase classname="com.medtronics.tests.scenarios.OrderScenario" name="placeOrder" time="0.001">
    <skipped/>
  </testcase> <!-- placeOrder -->
  <testcase classname="com.medtronics.tests.scenarios.OrderScenario" name="placeOrder" time="0.0">
    <skipped/>
  </testcase> <!-- placeOrder -->
  <testcase classname="com.medtronics.tests.scenarios.OrderScenario" name="placeOrder" time="0.001">
    <skipped/>
  </testcase> <!-- placeOrder -->
</testsuite> <!-- Default test -->
